<?xml version="1.0" encoding="UTF-8"?>
<testsuite name="org.acme.MyAppTest" tests="10" skipped="0" failures="1" errors="0" timestamp="2024-02-09T14:32:16" hostname="ubuntu-Latitude-5410-DRTV273" time="0.038">
  <properties/>
  <testcase name="testEmptyTitle()" classname="org.acme.MyAppTest" time="0.024">
    <failure message="org.opentest4j.AssertionFailedError: expected: &lt;##&gt; but was: &lt;###&gt;" type="org.opentest4j.AssertionFailedError">org.opentest4j.AssertionFailedError: expected: &lt;##&gt; but was: &lt;###&gt;
	at app//org.junit.jupiter.api.AssertionFailureBuilder.build(AssertionFailureBuilder.java:151)
	at app//org.junit.jupiter.api.AssertionFailureBuilder.buildAndThrow(AssertionFailureBuilder.java:132)
	at app//org.junit.jupiter.api.AssertEquals.failNotEqual(AssertEquals.java:197)
	at app//org.junit.jupiter.api.AssertEquals.assertEquals(AssertEquals.java:182)
	at app//org.junit.jupiter.api.AssertEquals.assertEquals(AssertEquals.java:177)
	at app//org.junit.jupiter.api.Assertions.assertEquals(Assertions.java:1145)
	at app//org.acme.MyAppTest.testEmptyTitle(MyAppTest.java:48)
	at java.base@21.0.1/java.lang.reflect.Method.invoke(Method.java:580)
	at java.base@21.0.1/java.util.ArrayList.forEach(ArrayList.java:1596)
	at java.base@21.0.1/java.util.ArrayList.forEach(ArrayList.java:1596)
</failure>
  </testcase>
  <testcase name="testVeryLongTitle()" classname="org.acme.MyAppTest" time="0.001"/>
  <testcase name="testPositionGreaterThan5()" classname="org.acme.MyAppTest" time="0.001"/>
  <testcase name="title_carmageddon_p2()" classname="org.acme.MyAppTest" time="0.001"/>
  <testcase name="title_carmageddon_p5()" classname="org.acme.MyAppTest" time="0.0"/>
  <testcase name="testPositionLessThan2()" classname="org.acme.MyAppTest" time="0.001"/>
  <testcase name="testPositionBetween2And5()" classname="org.acme.MyAppTest" time="0.001"/>
  <testcase name="testPositionEquals2()" classname="org.acme.MyAppTest" time="0.001"/>
  <testcase name="testNegativePosition()" classname="org.acme.MyAppTest" time="0.0"/>
  <testcase name="testVeryLargePosition()" classname="org.acme.MyAppTest" time="0.0"/>
  <system-out><![CDATA[]]></system-out>
  <system-err><![CDATA[]]></system-err>
</testsuite>
